
<html>
  <head>
    <title>Lab 03 - Graded Solution</title>
  </head>
  <body>
    <h1>Lab 03 - Graded Solution</h1>
    <p><b>You scored 60% = 1.7999999999999998 points for this lab.</b></p>
    <ul>
      <li><b>Sort ints</b>
      <ul>
      <li>Grade Percentage: 6</li>
      <li>Your solution succeeded taking 0.106 sec</Li>
      </ul>
      </li>
      <li><b>Sort strings based on their last character</b>
      <ul>
      <li>Grade Percentage: 6</li>
      <li>Your solution succeeded taking 0.127 sec</Li>
      </ul>
      </li>
      <li><b>Sort students on their GPA</b>
      <ul>
      <li>Grade Percentage: 6</li>
      <li>Your solution succeeded taking 0.114 sec</Li>
      </ul>
      </li>
      <li><b>Binary search for ints</b>
      <ul>
      <li>Grade Percentage: 6</li>
      <li>Your solution succeeded taking 0.134 sec</Li>
      </ul>
      </li>
      <li><b>Binary search for students by GPA</b>
      <ul>
      <li>Grade Percentage: 6</li>
      <li>Your solution succeeded taking 0.132 sec</Li>
      </ul>
      </li>
      <li><b>Search for substrings in hello world</b>
      <ul>
      <li>Grade Percentage: 15</li>
      <li>Your solution succeeded taking 0.132 sec</Li>
      </ul>
      </li>
      <li><b>Search for substrings in Moby Dick</b>
      <ul>
      <li>Grade Percentage: 15</li>
      <li>Your solution succeeded taking 1.238 sec</Li>
      </ul>
      </li>
      <li><b>Search for substrings in hello world using suffix array</b>
      <ul>
      <li>Grade Percentage: 20</li>
      <li>Your solution failed this test case! taking 0.126 sec</Li>
<li><pre>AssertionError: Expected true</pre></li>
<li><pre>Traceback (most recent call last):
  File "/Users/lord_pretzel/.pyenv/versions/3.9.0/lib/python3.9/site-packages/grader-0.0.1-py3.9.egg/grader/execution_base.py", line 60, in call_test_function
    test_function(
  File "/Users/lord_pretzel/.pyenv/versions/3.9.0/lib/python3.9/site-packages/grader-0.0.1-py3.9.egg/grader/core.py", line 48, in wrapper
    result = test_function(module, *args, **kwargs)
  File "/var/folders/f7/xnz8v_b13td37s3k4w8t5j2h0000gn/T/tmpxa82msej/lab03-test.py", line 90, in test3_1
    assertTrue(s.contains("l"))
  File "/Users/lord_pretzel/.pyenv/versions/3.9.0/lib/python3.9/site-packages/grader-0.0.1-py3.9.egg/grader/assertions.py", line 33, in assertTrue
    raise AssertionError(template)
AssertionError: Expected true
</pre></li>
      </ul>
      </li>
      <li><b>Search for substrings in Moby Dick using suffix array</b>
      <ul>
      <li>Grade Percentage: 20</li>
      <li>Your solution failed this test case! taking 9.402 sec</Li>
<li><pre>AssertionError: Expected true</pre></li>
<li><pre>Traceback (most recent call last):
  File "/Users/lord_pretzel/.pyenv/versions/3.9.0/lib/python3.9/site-packages/grader-0.0.1-py3.9.egg/grader/execution_base.py", line 60, in call_test_function
    test_function(
  File "/Users/lord_pretzel/.pyenv/versions/3.9.0/lib/python3.9/site-packages/grader-0.0.1-py3.9.egg/grader/core.py", line 48, in wrapper
    result = test_function(module, *args, **kwargs)
  File "/var/folders/f7/xnz8v_b13td37s3k4w8t5j2h0000gn/T/tmpy8x9njky/lab03-test.py", line 105, in test3_2
    assertTrue(s.contains("Moby Dick"))
  File "/Users/lord_pretzel/.pyenv/versions/3.9.0/lib/python3.9/site-packages/grader-0.0.1-py3.9.egg/grader/assertions.py", line 33, in assertTrue
    raise AssertionError(template)
AssertionError: Expected true
</pre></li>
      </ul>
      </li>
    </ul>
  </body>
</html>
